2023-10-29T22:09:59.278-07:00  INFO 49879 --- [restartedMain] c.s.admin.ShopeaseBackEndApplication     : Starting ShopeaseBackEndApplication using Java 17.0.8.1 with PID 49879 (/Users/yumengtao/Documents/workspace-spring-tool-suite-4-4.20.0.RELEASE/ShopEase/ShopeaseProject/ShopeaseWebParent/ShopeaseBackEnd/target/classes started by yumengtao in /Users/yumengtao/Documents/workspace-spring-tool-suite-4-4.20.0.RELEASE/ShopEase/ShopeaseProject/ShopeaseWebParent/ShopeaseBackEnd)
2023-10-29T22:09:59.279-07:00  INFO 49879 --- [restartedMain] c.s.admin.ShopeaseBackEndApplication     : No active profile set, falling back to 1 default profile: "default"
2023-10-29T22:09:59.422-07:00  INFO 49879 --- [restartedMain] .s.d.r.c.RepositoryConfigurationDelegate : Bootstrapping Spring Data JPA repositories in DEFAULT mode.
2023-10-29T22:09:59.430-07:00  INFO 49879 --- [restartedMain] .s.d.r.c.RepositoryConfigurationDelegate : Finished Spring Data repository scanning in 8 ms. Found 2 JPA repository interfaces.
2023-10-29T22:09:59.517-07:00  INFO 49879 --- [restartedMain] o.s.b.w.embedded.tomcat.TomcatWebServer  : Tomcat initialized with port(s): 8080 (http)
2023-10-29T22:09:59.517-07:00  INFO 49879 --- [restartedMain] o.apache.catalina.core.StandardService   : Starting service [Tomcat]
2023-10-29T22:09:59.517-07:00  INFO 49879 --- [restartedMain] o.apache.catalina.core.StandardEngine    : Starting Servlet engine: [Apache Tomcat/10.1.13]
2023-10-29T22:09:59.528-07:00  INFO 49879 --- [restartedMain] o.a.c.c.C.[.[.[/ShopeaseAdmin]           : Initializing Spring embedded WebApplicationContext
2023-10-29T22:09:59.528-07:00  INFO 49879 --- [restartedMain] w.s.c.ServletWebServerApplicationContext : Root WebApplicationContext: initialization completed in 247 ms
2023-10-29T22:09:59.564-07:00  INFO 49879 --- [restartedMain] o.hibernate.jpa.internal.util.LogHelper  : HHH000204: Processing PersistenceUnitInfo [name: default]
2023-10-29T22:09:59.569-07:00  INFO 49879 --- [restartedMain] o.h.b.i.BytecodeProviderInitiator        : HHH000021: Bytecode provider name : bytebuddy
2023-10-29T22:09:59.570-07:00  INFO 49879 --- [restartedMain] o.s.o.j.p.SpringPersistenceUnitInfo      : No LoadTimeWeaver setup: ignoring JPA class transformer
2023-10-29T22:09:59.570-07:00  INFO 49879 --- [restartedMain] com.zaxxer.hikari.HikariDataSource       : HikariPool-6 - Starting...
2023-10-29T22:09:59.587-07:00  INFO 49879 --- [restartedMain] com.zaxxer.hikari.pool.HikariPool        : HikariPool-6 - Added connection com.mysql.cj.jdbc.ConnectionImpl@2778b1cc
2023-10-29T22:09:59.587-07:00  INFO 49879 --- [restartedMain] com.zaxxer.hikari.HikariDataSource       : HikariPool-6 - Start completed.
2023-10-29T22:09:59.588-07:00  WARN 49879 --- [restartedMain] org.hibernate.orm.deprecation            : HHH90000026: MySQL8Dialect has been deprecated; use org.hibernate.dialect.MySQLDialect instead
2023-10-29T22:09:59.609-07:00  INFO 49879 --- [restartedMain] o.h.b.i.BytecodeProviderInitiator        : HHH000021: Bytecode provider name : bytebuddy
2023-10-29T22:09:59.641-07:00  INFO 49879 --- [restartedMain] o.h.e.t.j.p.i.JtaPlatformInitiator       : HHH000490: Using JtaPlatform implementation: [org.hibernate.engine.transaction.jta.platform.internal.NoJtaPlatform]
2023-10-29T22:09:59.666-07:00  INFO 49879 --- [restartedMain] j.LocalContainerEntityManagerFactoryBean : Initialized JPA EntityManagerFactory for persistence unit 'default'
2023-10-29T22:09:59.756-07:00  WARN 49879 --- [restartedMain] JpaBaseConfiguration$JpaWebConfiguration : spring.jpa.open-in-view is enabled by default. Therefore, database queries may be performed during view rendering. Explicitly configure spring.jpa.open-in-view to disable this warning
2023-10-29T22:09:59.778-07:00  INFO 49879 --- [restartedMain] o.s.b.a.w.s.WelcomePageHandlerMapping    : Adding welcome page template: index
2023-10-29T22:09:59.965-07:00  INFO 49879 --- [restartedMain] o.s.s.web.DefaultSecurityFilterChain     : Will secure any request with [org.springframework.security.web.session.DisableEncodeUrlFilter@39e2d29b, org.springframework.security.web.context.request.async.WebAsyncManagerIntegrationFilter@44c6b6cf, org.springframework.security.web.context.SecurityContextHolderFilter@66ecc791, org.springframework.security.web.header.HeaderWriterFilter@49939ad1, org.springframework.security.web.csrf.CsrfFilter@1dd4c528, org.springframework.security.web.authentication.logout.LogoutFilter@5e9fecbf, org.springframework.security.web.authentication.UsernamePasswordAuthenticationFilter@65250c3c, org.springframework.security.web.savedrequest.RequestCacheAwareFilter@5d2aa3e1, org.springframework.security.web.servletapi.SecurityContextHolderAwareRequestFilter@b5f3e10, org.springframework.security.web.authentication.rememberme.RememberMeAuthenticationFilter@3a17efc6, org.springframework.security.web.authentication.AnonymousAuthenticationFilter@94f1687, org.springframework.security.web.access.ExceptionTranslationFilter@13c8ad71, org.springframework.security.web.access.intercept.AuthorizationFilter@200baa52]
2023-10-29T22:09:59.972-07:00  WARN 49879 --- [restartedMain] o.s.s.c.a.web.builders.WebSecurity       : You are asking Spring Security to ignore Mvc [pattern='/images/**']. This is not recommended -- please use permitAll via HttpSecurity#authorizeHttpRequests instead.
2023-10-29T22:09:59.972-07:00  INFO 49879 --- [restartedMain] o.s.s.web.DefaultSecurityFilterChain     : Will not secure Mvc [pattern='/images/**']
2023-10-29T22:09:59.972-07:00  WARN 49879 --- [restartedMain] o.s.s.c.a.web.builders.WebSecurity       : You are asking Spring Security to ignore Mvc [pattern='/js/**']. This is not recommended -- please use permitAll via HttpSecurity#authorizeHttpRequests instead.
2023-10-29T22:09:59.973-07:00  INFO 49879 --- [restartedMain] o.s.s.web.DefaultSecurityFilterChain     : Will not secure Mvc [pattern='/js/**']
2023-10-29T22:09:59.973-07:00  WARN 49879 --- [restartedMain] o.s.s.c.a.web.builders.WebSecurity       : You are asking Spring Security to ignore Mvc [pattern='/webjars/**']. This is not recommended -- please use permitAll via HttpSecurity#authorizeHttpRequests instead.
2023-10-29T22:09:59.973-07:00  INFO 49879 --- [restartedMain] o.s.s.web.DefaultSecurityFilterChain     : Will not secure Mvc [pattern='/webjars/**']
2023-10-29T22:10:00.049-07:00  INFO 49879 --- [restartedMain] o.s.b.d.a.OptionalLiveReloadServer       : LiveReload server is running on port 35729
2023-10-29T22:10:00.063-07:00  INFO 49879 --- [restartedMain] o.s.b.w.embedded.tomcat.TomcatWebServer  : Tomcat started on port(s): 8080 (http) with context path '/ShopeaseAdmin'
2023-10-29T22:10:00.072-07:00  INFO 49879 --- [restartedMain] c.s.admin.ShopeaseBackEndApplication     : Started ShopeaseBackEndApplication in 0.841 seconds (process running for 605.865)
2023-10-29T22:10:00.079-07:00  INFO 49879 --- [restartedMain] .ConditionEvaluationDeltaLoggingListener : Condition evaluation unchanged
2023-10-29T22:10:39.831-07:00  INFO 49879 --- [File Watcher] rtingClassPathChangeChangedEventListener : Restarting due to 1 class path change (0 additions, 0 deletions, 1 modification)
2023-10-29T22:10:39.836-07:00  INFO 49879 --- [Thread-23] o.apache.catalina.core.StandardService   : Stopping service [Tomcat]
2023-10-29T22:10:39.840-07:00  INFO 49879 --- [Thread-23] j.LocalContainerEntityManagerFactoryBean : Closing JPA EntityManagerFactory for persistence unit 'default'
2023-10-29T22:10:39.840-07:00  INFO 49879 --- [Thread-23] com.zaxxer.hikari.HikariDataSource       : HikariPool-6 - Shutdown initiated...
2023-10-29T22:10:39.846-07:00  INFO 49879 --- [Thread-23] com.zaxxer.hikari.HikariDataSource       : HikariPool-6 - Shutdown completed.
2023-10-29T22:10:39.919-07:00  INFO 49879 --- [restartedMain] c.s.admin.ShopeaseBackEndApplication     : Starting ShopeaseBackEndApplication using Java 17.0.8.1 with PID 49879 (/Users/yumengtao/Documents/workspace-spring-tool-suite-4-4.20.0.RELEASE/ShopEase/ShopeaseProject/ShopeaseWebParent/ShopeaseBackEnd/target/classes started by yumengtao in /Users/yumengtao/Documents/workspace-spring-tool-suite-4-4.20.0.RELEASE/ShopEase/ShopeaseProject/ShopeaseWebParent/ShopeaseBackEnd)
2023-10-29T22:10:39.919-07:00  INFO 49879 --- [restartedMain] c.s.admin.ShopeaseBackEndApplication     : No active profile set, falling back to 1 default profile: "default"
2023-10-29T22:10:40.050-07:00  INFO 49879 --- [restartedMain] .s.d.r.c.RepositoryConfigurationDelegate : Bootstrapping Spring Data JPA repositories in DEFAULT mode.
2023-10-29T22:10:40.061-07:00  INFO 49879 --- [restartedMain] .s.d.r.c.RepositoryConfigurationDelegate : Finished Spring Data repository scanning in 9 ms. Found 2 JPA repository interfaces.
2023-10-29T22:10:40.144-07:00  INFO 49879 --- [restartedMain] o.s.b.w.embedded.tomcat.TomcatWebServer  : Tomcat initialized with port(s): 8080 (http)
2023-10-29T22:10:40.144-07:00  INFO 49879 --- [restartedMain] o.apache.catalina.core.StandardService   : Starting service [Tomcat]
2023-10-29T22:10:40.145-07:00  INFO 49879 --- [restartedMain] o.apache.catalina.core.StandardEngine    : Starting Servlet engine: [Apache Tomcat/10.1.13]
2023-10-29T22:10:40.160-07:00  INFO 49879 --- [restartedMain] o.a.c.c.C.[.[.[/ShopeaseAdmin]           : Initializing Spring embedded WebApplicationContext
2023-10-29T22:10:40.160-07:00  INFO 49879 --- [restartedMain] w.s.c.ServletWebServerApplicationContext : Root WebApplicationContext: initialization completed in 239 ms
2023-10-29T22:10:40.204-07:00  INFO 49879 --- [restartedMain] o.hibernate.jpa.internal.util.LogHelper  : HHH000204: Processing PersistenceUnitInfo [name: default]
2023-10-29T22:10:40.211-07:00  INFO 49879 --- [restartedMain] o.h.b.i.BytecodeProviderInitiator        : HHH000021: Bytecode provider name : bytebuddy
2023-10-29T22:10:40.212-07:00  INFO 49879 --- [restartedMain] o.s.o.j.p.SpringPersistenceUnitInfo      : No LoadTimeWeaver setup: ignoring JPA class transformer
2023-10-29T22:10:40.212-07:00  INFO 49879 --- [restartedMain] com.zaxxer.hikari.HikariDataSource       : HikariPool-7 - Starting...
2023-10-29T22:10:40.229-07:00  INFO 49879 --- [restartedMain] com.zaxxer.hikari.pool.HikariPool        : HikariPool-7 - Added connection com.mysql.cj.jdbc.ConnectionImpl@6bbba805
2023-10-29T22:10:40.229-07:00  INFO 49879 --- [restartedMain] com.zaxxer.hikari.HikariDataSource       : HikariPool-7 - Start completed.
2023-10-29T22:10:40.229-07:00  WARN 49879 --- [restartedMain] org.hibernate.orm.deprecation            : HHH90000026: MySQL8Dialect has been deprecated; use org.hibernate.dialect.MySQLDialect instead
2023-10-29T22:10:40.238-07:00  INFO 49879 --- [restartedMain] o.h.b.i.BytecodeProviderInitiator        : HHH000021: Bytecode provider name : bytebuddy
2023-10-29T22:10:40.264-07:00  INFO 49879 --- [restartedMain] o.h.e.t.j.p.i.JtaPlatformInitiator       : HHH000490: Using JtaPlatform implementation: [org.hibernate.engine.transaction.jta.platform.internal.NoJtaPlatform]
2023-10-29T22:10:40.283-07:00  INFO 49879 --- [restartedMain] j.LocalContainerEntityManagerFactoryBean : Initialized JPA EntityManagerFactory for persistence unit 'default'
2023-10-29T22:10:40.362-07:00  WARN 49879 --- [restartedMain] JpaBaseConfiguration$JpaWebConfiguration : spring.jpa.open-in-view is enabled by default. Therefore, database queries may be performed during view rendering. Explicitly configure spring.jpa.open-in-view to disable this warning
2023-10-29T22:10:40.382-07:00  INFO 49879 --- [restartedMain] o.s.b.a.w.s.WelcomePageHandlerMapping    : Adding welcome page template: index
2023-10-29T22:10:40.579-07:00  INFO 49879 --- [restartedMain] o.s.s.web.DefaultSecurityFilterChain     : Will secure any request with [org.springframework.security.web.session.DisableEncodeUrlFilter@5c5f9f50, org.springframework.security.web.context.request.async.WebAsyncManagerIntegrationFilter@216bb9b6, org.springframework.security.web.context.SecurityContextHolderFilter@74080ecd, org.springframework.security.web.header.HeaderWriterFilter@7743d41a, org.springframework.security.web.csrf.CsrfFilter@2376bb01, org.springframework.security.web.authentication.logout.LogoutFilter@f1113a3, org.springframework.security.web.authentication.UsernamePasswordAuthenticationFilter@5372967b, org.springframework.security.web.savedrequest.RequestCacheAwareFilter@62b01dfe, org.springframework.security.web.servletapi.SecurityContextHolderAwareRequestFilter@52d1e127, org.springframework.security.web.authentication.rememberme.RememberMeAuthenticationFilter@54790bbd, org.springframework.security.web.authentication.AnonymousAuthenticationFilter@66ed22ae, org.springframework.security.web.access.ExceptionTranslationFilter@76d8d12e, org.springframework.security.web.access.intercept.AuthorizationFilter@30a9bc19]
2023-10-29T22:10:40.582-07:00  WARN 49879 --- [restartedMain] o.s.s.c.a.web.builders.WebSecurity       : You are asking Spring Security to ignore Mvc [pattern='/images/**']. This is not recommended -- please use permitAll via HttpSecurity#authorizeHttpRequests instead.
2023-10-29T22:10:40.582-07:00  INFO 49879 --- [restartedMain] o.s.s.web.DefaultSecurityFilterChain     : Will not secure Mvc [pattern='/images/**']
2023-10-29T22:10:40.582-07:00  WARN 49879 --- [restartedMain] o.s.s.c.a.web.builders.WebSecurity       : You are asking Spring Security to ignore Mvc [pattern='/js/**']. This is not recommended -- please use permitAll via HttpSecurity#authorizeHttpRequests instead.
2023-10-29T22:10:40.582-07:00  INFO 49879 --- [restartedMain] o.s.s.web.DefaultSecurityFilterChain     : Will not secure Mvc [pattern='/js/**']
2023-10-29T22:10:40.582-07:00  WARN 49879 --- [restartedMain] o.s.s.c.a.web.builders.WebSecurity       : You are asking Spring Security to ignore Mvc [pattern='/webjars/**']. This is not recommended -- please use permitAll via HttpSecurity#authorizeHttpRequests instead.
2023-10-29T22:10:40.583-07:00  INFO 49879 --- [restartedMain] o.s.s.web.DefaultSecurityFilterChain     : Will not secure Mvc [pattern='/webjars/**']
2023-10-29T22:10:40.641-07:00  INFO 49879 --- [restartedMain] o.s.b.d.a.OptionalLiveReloadServer       : LiveReload server is running on port 35729
2023-10-29T22:10:40.654-07:00  INFO 49879 --- [restartedMain] o.s.b.w.embedded.tomcat.TomcatWebServer  : Tomcat started on port(s): 8080 (http) with context path '/ShopeaseAdmin'
2023-10-29T22:10:40.660-07:00  INFO 49879 --- [restartedMain] c.s.admin.ShopeaseBackEndApplication     : Started ShopeaseBackEndApplication in 0.759 seconds (process running for 646.452)
2023-10-29T22:10:40.662-07:00  INFO 49879 --- [restartedMain] .ConditionEvaluationDeltaLoggingListener : Condition evaluation unchanged
2023-10-29T22:10:50.662-07:00  INFO 49879 --- [RMI TCP Connection(30)-127.0.0.1] inMXBeanRegistrar$SpringApplicationAdmin : Application shutdown requested.
2023-10-29T22:10:50.668-07:00  INFO 49879 --- [RMI TCP Connection(30)-127.0.0.1] o.apache.catalina.core.StandardService   : Stopping service [Tomcat]
2023-10-29T22:10:50.672-07:00  INFO 49879 --- [RMI TCP Connection(30)-127.0.0.1] j.LocalContainerEntityManagerFactoryBean : Closing JPA EntityManagerFactory for persistence unit 'default'
2023-10-29T22:10:50.673-07:00  INFO 49879 --- [RMI TCP Connection(30)-127.0.0.1] com.zaxxer.hikari.HikariDataSource       : HikariPool-7 - Shutdown initiated...
2023-10-29T22:10:50.679-07:00  INFO 49879 --- [RMI TCP Connection(30)-127.0.0.1] com.zaxxer.hikari.HikariDataSource       : HikariPool-7 - Shutdown completed.
2023-10-29T22:10:52.496-07:00  INFO 51339 --- [restartedMain] c.s.admin.ShopeaseBackEndApplication     : Starting ShopeaseBackEndApplication using Java 17.0.8.1 with PID 51339 (/Users/yumengtao/Documents/workspace-spring-tool-suite-4-4.20.0.RELEASE/ShopEase/ShopeaseProject/ShopeaseWebParent/ShopeaseBackEnd/target/classes started by yumengtao in /Users/yumengtao/Documents/workspace-spring-tool-suite-4-4.20.0.RELEASE/ShopEase/ShopeaseProject/ShopeaseWebParent/ShopeaseBackEnd)
2023-10-29T22:10:52.499-07:00  INFO 51339 --- [restartedMain] c.s.admin.ShopeaseBackEndApplication     : No active profile set, falling back to 1 default profile: "default"
2023-10-29T22:10:52.550-07:00  INFO 51339 --- [restartedMain] .e.DevToolsPropertyDefaultsPostProcessor : Devtools property defaults active! Set 'spring.devtools.add-properties' to 'false' to disable
2023-10-29T22:10:52.550-07:00  INFO 51339 --- [restartedMain] .e.DevToolsPropertyDefaultsPostProcessor : For additional web related logging consider setting the 'logging.level.web' property to 'DEBUG'
2023-10-29T22:10:53.129-07:00  INFO 51339 --- [restartedMain] .s.d.r.c.RepositoryConfigurationDelegate : Bootstrapping Spring Data JPA repositories in DEFAULT mode.
2023-10-29T22:10:53.191-07:00  INFO 51339 --- [restartedMain] .s.d.r.c.RepositoryConfigurationDelegate : Finished Spring Data repository scanning in 53 ms. Found 2 JPA repository interfaces.
2023-10-29T22:10:53.797-07:00  INFO 51339 --- [restartedMain] o.s.b.w.embedded.tomcat.TomcatWebServer  : Tomcat initialized with port(s): 8080 (http)
2023-10-29T22:10:53.806-07:00  INFO 51339 --- [restartedMain] o.apache.catalina.core.StandardService   : Starting service [Tomcat]
2023-10-29T22:10:53.807-07:00  INFO 51339 --- [restartedMain] o.apache.catalina.core.StandardEngine    : Starting Servlet engine: [Apache Tomcat/10.1.13]
2023-10-29T22:10:53.870-07:00  INFO 51339 --- [restartedMain] o.a.c.c.C.[.[.[/ShopeaseAdmin]           : Initializing Spring embedded WebApplicationContext
2023-10-29T22:10:53.871-07:00  INFO 51339 --- [restartedMain] w.s.c.ServletWebServerApplicationContext : Root WebApplicationContext: initialization completed in 1321 ms
2023-10-29T22:10:54.039-07:00  INFO 51339 --- [restartedMain] o.hibernate.jpa.internal.util.LogHelper  : HHH000204: Processing PersistenceUnitInfo [name: default]
2023-10-29T22:10:54.089-07:00  INFO 51339 --- [restartedMain] org.hibernate.Version                    : HHH000412: Hibernate ORM core version 6.2.9.Final
2023-10-29T22:10:54.092-07:00  INFO 51339 --- [restartedMain] org.hibernate.cfg.Environment            : HHH000406: Using bytecode reflection optimizer
2023-10-29T22:10:54.242-07:00  INFO 51339 --- [restartedMain] o.h.b.i.BytecodeProviderInitiator        : HHH000021: Bytecode provider name : bytebuddy
2023-10-29T22:10:54.377-07:00  INFO 51339 --- [restartedMain] o.s.o.j.p.SpringPersistenceUnitInfo      : No LoadTimeWeaver setup: ignoring JPA class transformer
2023-10-29T22:10:54.394-07:00  INFO 51339 --- [restartedMain] com.zaxxer.hikari.HikariDataSource       : HikariPool-1 - Starting...
2023-10-29T22:10:54.726-07:00  INFO 51339 --- [restartedMain] com.zaxxer.hikari.pool.HikariPool        : HikariPool-1 - Added connection com.mysql.cj.jdbc.ConnectionImpl@4522360
2023-10-29T22:10:54.728-07:00  INFO 51339 --- [restartedMain] com.zaxxer.hikari.HikariDataSource       : HikariPool-1 - Start completed.
2023-10-29T22:10:54.773-07:00  WARN 51339 --- [restartedMain] org.hibernate.orm.deprecation            : HHH90000026: MySQL8Dialect has been deprecated; use org.hibernate.dialect.MySQLDialect instead
2023-10-29T22:10:54.994-07:00  INFO 51339 --- [restartedMain] o.h.b.i.BytecodeProviderInitiator        : HHH000021: Bytecode provider name : bytebuddy
2023-10-29T22:10:55.660-07:00  INFO 51339 --- [restartedMain] o.h.e.t.j.p.i.JtaPlatformInitiator       : HHH000490: Using JtaPlatform implementation: [org.hibernate.engine.transaction.jta.platform.internal.NoJtaPlatform]
2023-10-29T22:10:55.738-07:00  INFO 51339 --- [restartedMain] j.LocalContainerEntityManagerFactoryBean : Initialized JPA EntityManagerFactory for persistence unit 'default'
2023-10-29T22:10:55.965-07:00  INFO 51339 --- [restartedMain] o.s.d.j.r.query.QueryEnhancerFactory     : Hibernate is in classpath; If applicable, HQL parser will be used.
2023-10-29T22:10:56.539-07:00  WARN 51339 --- [restartedMain] JpaBaseConfiguration$JpaWebConfiguration : spring.jpa.open-in-view is enabled by default. Therefore, database queries may be performed during view rendering. Explicitly configure spring.jpa.open-in-view to disable this warning
2023-10-29T22:10:56.647-07:00  INFO 51339 --- [restartedMain] o.s.b.a.w.s.WelcomePageHandlerMapping    : Adding welcome page template: index
2023-10-29T22:10:57.007-07:00  INFO 51339 --- [restartedMain] o.s.s.web.DefaultSecurityFilterChain     : Will secure any request with [org.springframework.security.web.session.DisableEncodeUrlFilter@1aae0127, org.springframework.security.web.context.request.async.WebAsyncManagerIntegrationFilter@24f20d68, org.springframework.security.web.context.SecurityContextHolderFilter@4011c91f, org.springframework.security.web.header.HeaderWriterFilter@6ae44e87, org.springframework.security.web.csrf.CsrfFilter@25fad941, org.springframework.security.web.authentication.logout.LogoutFilter@3f32f30d, org.springframework.security.web.authentication.UsernamePasswordAuthenticationFilter@666a4b7a, org.springframework.security.web.savedrequest.RequestCacheAwareFilter@67ddba8d, org.springframework.security.web.servletapi.SecurityContextHolderAwareRequestFilter@6f9848a, org.springframework.security.web.authentication.rememberme.RememberMeAuthenticationFilter@a465d55, org.springframework.security.web.authentication.AnonymousAuthenticationFilter@1c665056, org.springframework.security.web.access.ExceptionTranslationFilter@3fafcaed, org.springframework.security.web.access.intercept.AuthorizationFilter@20509335]
2023-10-29T22:10:57.011-07:00  WARN 51339 --- [restartedMain] o.s.s.c.a.web.builders.WebSecurity       : You are asking Spring Security to ignore Mvc [pattern='/images/**']. This is not recommended -- please use permitAll via HttpSecurity#authorizeHttpRequests instead.
2023-10-29T22:10:57.011-07:00  INFO 51339 --- [restartedMain] o.s.s.web.DefaultSecurityFilterChain     : Will not secure Mvc [pattern='/images/**']
2023-10-29T22:10:57.011-07:00  WARN 51339 --- [restartedMain] o.s.s.c.a.web.builders.WebSecurity       : You are asking Spring Security to ignore Mvc [pattern='/js/**']. This is not recommended -- please use permitAll via HttpSecurity#authorizeHttpRequests instead.
2023-10-29T22:10:57.011-07:00  INFO 51339 --- [restartedMain] o.s.s.web.DefaultSecurityFilterChain     : Will not secure Mvc [pattern='/js/**']
2023-10-29T22:10:57.011-07:00  WARN 51339 --- [restartedMain] o.s.s.c.a.web.builders.WebSecurity       : You are asking Spring Security to ignore Mvc [pattern='/webjars/**']. This is not recommended -- please use permitAll via HttpSecurity#authorizeHttpRequests instead.
2023-10-29T22:10:57.011-07:00  INFO 51339 --- [restartedMain] o.s.s.web.DefaultSecurityFilterChain     : Will not secure Mvc [pattern='/webjars/**']
2023-10-29T22:10:57.213-07:00  INFO 51339 --- [restartedMain] o.s.b.d.a.OptionalLiveReloadServer       : LiveReload server is running on port 35729
2023-10-29T22:10:57.251-07:00  INFO 51339 --- [restartedMain] o.s.b.w.embedded.tomcat.TomcatWebServer  : Tomcat started on port(s): 8080 (http) with context path '/ShopeaseAdmin'
2023-10-29T22:10:57.264-07:00  INFO 51339 --- [restartedMain] c.s.admin.ShopeaseBackEndApplication     : Started ShopeaseBackEndApplication in 5.137 seconds (process running for 5.893)
2023-10-29T22:14:05.394-07:00  INFO 51339 --- [File Watcher] rtingClassPathChangeChangedEventListener : Restarting due to 1 class path change (0 additions, 0 deletions, 1 modification)
2023-10-29T22:14:05.406-07:00  INFO 51339 --- [Thread-5] o.apache.catalina.core.StandardService   : Stopping service [Tomcat]
2023-10-29T22:14:05.417-07:00  INFO 51339 --- [Thread-5] j.LocalContainerEntityManagerFactoryBean : Closing JPA EntityManagerFactory for persistence unit 'default'
2023-10-29T22:14:05.420-07:00  INFO 51339 --- [Thread-5] com.zaxxer.hikari.HikariDataSource       : HikariPool-1 - Shutdown initiated...
2023-10-29T22:14:05.429-07:00  INFO 51339 --- [Thread-5] com.zaxxer.hikari.HikariDataSource       : HikariPool-1 - Shutdown completed.
