2023-10-29T22:14:05.511-07:00  INFO 51339 --- [restartedMain] c.s.admin.ShopeaseBackEndApplication     : Starting ShopeaseBackEndApplication using Java 17.0.8.1 with PID 51339 (/Users/yumengtao/Documents/workspace-spring-tool-suite-4-4.20.0.RELEASE/ShopEase/ShopeaseProject/ShopeaseWebParent/ShopeaseBackEnd/target/classes started by yumengtao in /Users/yumengtao/Documents/workspace-spring-tool-suite-4-4.20.0.RELEASE/ShopEase/ShopeaseProject/ShopeaseWebParent/ShopeaseBackEnd)
2023-10-29T22:14:05.512-07:00  INFO 51339 --- [restartedMain] c.s.admin.ShopeaseBackEndApplication     : No active profile set, falling back to 1 default profile: "default"
2023-10-29T22:14:05.671-07:00  INFO 51339 --- [restartedMain] .s.d.r.c.RepositoryConfigurationDelegate : Bootstrapping Spring Data JPA repositories in DEFAULT mode.
2023-10-29T22:14:05.681-07:00  INFO 51339 --- [restartedMain] .s.d.r.c.RepositoryConfigurationDelegate : Finished Spring Data repository scanning in 9 ms. Found 2 JPA repository interfaces.
2023-10-29T22:14:05.782-07:00  INFO 51339 --- [restartedMain] o.s.b.w.embedded.tomcat.TomcatWebServer  : Tomcat initialized with port(s): 8080 (http)
2023-10-29T22:14:05.783-07:00  INFO 51339 --- [restartedMain] o.apache.catalina.core.StandardService   : Starting service [Tomcat]
2023-10-29T22:14:05.783-07:00  INFO 51339 --- [restartedMain] o.apache.catalina.core.StandardEngine    : Starting Servlet engine: [Apache Tomcat/10.1.13]
2023-10-29T22:14:05.794-07:00  INFO 51339 --- [restartedMain] o.a.c.c.C.[.[.[/ShopeaseAdmin]           : Initializing Spring embedded WebApplicationContext
2023-10-29T22:14:05.795-07:00  INFO 51339 --- [restartedMain] w.s.c.ServletWebServerApplicationContext : Root WebApplicationContext: initialization completed in 279 ms
2023-10-29T22:14:05.844-07:00  INFO 51339 --- [restartedMain] o.hibernate.jpa.internal.util.LogHelper  : HHH000204: Processing PersistenceUnitInfo [name: default]
2023-10-29T22:14:05.851-07:00  INFO 51339 --- [restartedMain] o.h.b.i.BytecodeProviderInitiator        : HHH000021: Bytecode provider name : bytebuddy
2023-10-29T22:14:05.851-07:00  INFO 51339 --- [restartedMain] o.s.o.j.p.SpringPersistenceUnitInfo      : No LoadTimeWeaver setup: ignoring JPA class transformer
2023-10-29T22:14:05.852-07:00  INFO 51339 --- [restartedMain] com.zaxxer.hikari.HikariDataSource       : HikariPool-2 - Starting...
2023-10-29T22:14:05.869-07:00  INFO 51339 --- [restartedMain] com.zaxxer.hikari.pool.HikariPool        : HikariPool-2 - Added connection com.mysql.cj.jdbc.ConnectionImpl@4f111468
2023-10-29T22:14:05.869-07:00  INFO 51339 --- [restartedMain] com.zaxxer.hikari.HikariDataSource       : HikariPool-2 - Start completed.
2023-10-29T22:14:05.870-07:00  WARN 51339 --- [restartedMain] org.hibernate.orm.deprecation            : HHH90000026: MySQL8Dialect has been deprecated; use org.hibernate.dialect.MySQLDialect instead
2023-10-29T22:14:05.882-07:00  INFO 51339 --- [restartedMain] o.h.b.i.BytecodeProviderInitiator        : HHH000021: Bytecode provider name : bytebuddy
2023-10-29T22:14:05.920-07:00  INFO 51339 --- [restartedMain] o.h.e.t.j.p.i.JtaPlatformInitiator       : HHH000490: Using JtaPlatform implementation: [org.hibernate.engine.transaction.jta.platform.internal.NoJtaPlatform]
2023-10-29T22:14:05.953-07:00  INFO 51339 --- [restartedMain] j.LocalContainerEntityManagerFactoryBean : Initialized JPA EntityManagerFactory for persistence unit 'default'
2023-10-29T22:14:06.050-07:00  WARN 51339 --- [restartedMain] JpaBaseConfiguration$JpaWebConfiguration : spring.jpa.open-in-view is enabled by default. Therefore, database queries may be performed during view rendering. Explicitly configure spring.jpa.open-in-view to disable this warning
2023-10-29T22:14:06.071-07:00  INFO 51339 --- [restartedMain] o.s.b.a.w.s.WelcomePageHandlerMapping    : Adding welcome page template: index
2023-10-29T22:14:06.263-07:00  INFO 51339 --- [restartedMain] o.s.s.web.DefaultSecurityFilterChain     : Will secure any request with [org.springframework.security.web.session.DisableEncodeUrlFilter@4cefa8a3, org.springframework.security.web.context.request.async.WebAsyncManagerIntegrationFilter@5056a1ff, org.springframework.security.web.context.SecurityContextHolderFilter@3829ed5a, org.springframework.security.web.header.HeaderWriterFilter@6fe54c03, org.springframework.security.web.csrf.CsrfFilter@7662d20d, org.springframework.security.web.authentication.logout.LogoutFilter@45ebcced, org.springframework.security.web.authentication.UsernamePasswordAuthenticationFilter@3bcc998, org.springframework.security.web.savedrequest.RequestCacheAwareFilter@58bba2e8, org.springframework.security.web.servletapi.SecurityContextHolderAwareRequestFilter@779f7b75, org.springframework.security.web.authentication.rememberme.RememberMeAuthenticationFilter@18abf1a6, org.springframework.security.web.authentication.AnonymousAuthenticationFilter@35c34264, org.springframework.security.web.access.ExceptionTranslationFilter@25014153, org.springframework.security.web.access.intercept.AuthorizationFilter@4c0a05e4]
2023-10-29T22:14:06.266-07:00  WARN 51339 --- [restartedMain] o.s.s.c.a.web.builders.WebSecurity       : You are asking Spring Security to ignore Mvc [pattern='/images/**']. This is not recommended -- please use permitAll via HttpSecurity#authorizeHttpRequests instead.
2023-10-29T22:14:06.266-07:00  INFO 51339 --- [restartedMain] o.s.s.web.DefaultSecurityFilterChain     : Will not secure Mvc [pattern='/images/**']
2023-10-29T22:14:06.266-07:00  WARN 51339 --- [restartedMain] o.s.s.c.a.web.builders.WebSecurity       : You are asking Spring Security to ignore Mvc [pattern='/js/**']. This is not recommended -- please use permitAll via HttpSecurity#authorizeHttpRequests instead.
2023-10-29T22:14:06.267-07:00  INFO 51339 --- [restartedMain] o.s.s.web.DefaultSecurityFilterChain     : Will not secure Mvc [pattern='/js/**']
2023-10-29T22:14:06.267-07:00  WARN 51339 --- [restartedMain] o.s.s.c.a.web.builders.WebSecurity       : You are asking Spring Security to ignore Mvc [pattern='/webjars/**']. This is not recommended -- please use permitAll via HttpSecurity#authorizeHttpRequests instead.
2023-10-29T22:14:06.267-07:00  INFO 51339 --- [restartedMain] o.s.s.web.DefaultSecurityFilterChain     : Will not secure Mvc [pattern='/webjars/**']
2023-10-29T22:14:06.331-07:00  INFO 51339 --- [restartedMain] o.s.b.d.a.OptionalLiveReloadServer       : LiveReload server is running on port 35729
2023-10-29T22:14:06.343-07:00  INFO 51339 --- [restartedMain] o.s.b.w.embedded.tomcat.TomcatWebServer  : Tomcat started on port(s): 8080 (http) with context path '/ShopeaseAdmin'
2023-10-29T22:14:06.352-07:00  INFO 51339 --- [restartedMain] c.s.admin.ShopeaseBackEndApplication     : Started ShopeaseBackEndApplication in 0.864 seconds (process running for 194.98)
2023-10-29T22:14:06.355-07:00  INFO 51339 --- [restartedMain] .ConditionEvaluationDeltaLoggingListener : Condition evaluation unchanged
2023-10-29T22:17:38.893-07:00  INFO 51339 --- [File Watcher] rtingClassPathChangeChangedEventListener : Restarting due to 1 class path change (0 additions, 0 deletions, 1 modification)
2023-10-29T22:17:38.904-07:00  INFO 51339 --- [Thread-7] o.apache.catalina.core.StandardService   : Stopping service [Tomcat]
2023-10-29T22:17:38.909-07:00  INFO 51339 --- [Thread-7] j.LocalContainerEntityManagerFactoryBean : Closing JPA EntityManagerFactory for persistence unit 'default'
2023-10-29T22:17:38.909-07:00  INFO 51339 --- [Thread-7] com.zaxxer.hikari.HikariDataSource       : HikariPool-2 - Shutdown initiated...
2023-10-29T22:17:38.918-07:00  INFO 51339 --- [Thread-7] com.zaxxer.hikari.HikariDataSource       : HikariPool-2 - Shutdown completed.
2023-10-29T22:17:39.007-07:00  INFO 51339 --- [restartedMain] c.s.admin.ShopeaseBackEndApplication     : Starting ShopeaseBackEndApplication using Java 17.0.8.1 with PID 51339 (/Users/yumengtao/Documents/workspace-spring-tool-suite-4-4.20.0.RELEASE/ShopEase/ShopeaseProject/ShopeaseWebParent/ShopeaseBackEnd/target/classes started by yumengtao in /Users/yumengtao/Documents/workspace-spring-tool-suite-4-4.20.0.RELEASE/ShopEase/ShopeaseProject/ShopeaseWebParent/ShopeaseBackEnd)
2023-10-29T22:17:39.008-07:00  INFO 51339 --- [restartedMain] c.s.admin.ShopeaseBackEndApplication     : No active profile set, falling back to 1 default profile: "default"
2023-10-29T22:17:39.187-07:00  INFO 51339 --- [restartedMain] .s.d.r.c.RepositoryConfigurationDelegate : Bootstrapping Spring Data JPA repositories in DEFAULT mode.
2023-10-29T22:17:39.202-07:00  INFO 51339 --- [restartedMain] .s.d.r.c.RepositoryConfigurationDelegate : Finished Spring Data repository scanning in 14 ms. Found 2 JPA repository interfaces.
2023-10-29T22:17:39.329-07:00  INFO 51339 --- [restartedMain] o.s.b.w.embedded.tomcat.TomcatWebServer  : Tomcat initialized with port(s): 8080 (http)
2023-10-29T22:17:39.329-07:00  INFO 51339 --- [restartedMain] o.apache.catalina.core.StandardService   : Starting service [Tomcat]
2023-10-29T22:17:39.329-07:00  INFO 51339 --- [restartedMain] o.apache.catalina.core.StandardEngine    : Starting Servlet engine: [Apache Tomcat/10.1.13]
2023-10-29T22:17:39.341-07:00  INFO 51339 --- [restartedMain] o.a.c.c.C.[.[.[/ShopeaseAdmin]           : Initializing Spring embedded WebApplicationContext
2023-10-29T22:17:39.341-07:00  INFO 51339 --- [restartedMain] w.s.c.ServletWebServerApplicationContext : Root WebApplicationContext: initialization completed in 329 ms
2023-10-29T22:17:39.387-07:00  INFO 51339 --- [restartedMain] o.hibernate.jpa.internal.util.LogHelper  : HHH000204: Processing PersistenceUnitInfo [name: default]
2023-10-29T22:17:39.394-07:00  INFO 51339 --- [restartedMain] o.h.b.i.BytecodeProviderInitiator        : HHH000021: Bytecode provider name : bytebuddy
2023-10-29T22:17:39.394-07:00  INFO 51339 --- [restartedMain] o.s.o.j.p.SpringPersistenceUnitInfo      : No LoadTimeWeaver setup: ignoring JPA class transformer
2023-10-29T22:17:39.395-07:00  INFO 51339 --- [restartedMain] com.zaxxer.hikari.HikariDataSource       : HikariPool-3 - Starting...
2023-10-29T22:17:39.419-07:00  INFO 51339 --- [restartedMain] com.zaxxer.hikari.pool.HikariPool        : HikariPool-3 - Added connection com.mysql.cj.jdbc.ConnectionImpl@56623c30
2023-10-29T22:17:39.419-07:00  INFO 51339 --- [restartedMain] com.zaxxer.hikari.HikariDataSource       : HikariPool-3 - Start completed.
2023-10-29T22:17:39.420-07:00  WARN 51339 --- [restartedMain] org.hibernate.orm.deprecation            : HHH90000026: MySQL8Dialect has been deprecated; use org.hibernate.dialect.MySQLDialect instead
2023-10-29T22:17:39.432-07:00  INFO 51339 --- [restartedMain] o.h.b.i.BytecodeProviderInitiator        : HHH000021: Bytecode provider name : bytebuddy
2023-10-29T22:17:39.474-07:00  INFO 51339 --- [restartedMain] o.h.e.t.j.p.i.JtaPlatformInitiator       : HHH000490: Using JtaPlatform implementation: [org.hibernate.engine.transaction.jta.platform.internal.NoJtaPlatform]
2023-10-29T22:17:39.498-07:00  INFO 51339 --- [restartedMain] j.LocalContainerEntityManagerFactoryBean : Initialized JPA EntityManagerFactory for persistence unit 'default'
2023-10-29T22:17:39.656-07:00  WARN 51339 --- [restartedMain] JpaBaseConfiguration$JpaWebConfiguration : spring.jpa.open-in-view is enabled by default. Therefore, database queries may be performed during view rendering. Explicitly configure spring.jpa.open-in-view to disable this warning
2023-10-29T22:17:39.684-07:00  INFO 51339 --- [restartedMain] o.s.b.a.w.s.WelcomePageHandlerMapping    : Adding welcome page template: index
2023-10-29T22:17:39.924-07:00  INFO 51339 --- [restartedMain] o.s.s.web.DefaultSecurityFilterChain     : Will secure any request with [org.springframework.security.web.session.DisableEncodeUrlFilter@6aa1cb42, org.springframework.security.web.context.request.async.WebAsyncManagerIntegrationFilter@63c0daba, org.springframework.security.web.context.SecurityContextHolderFilter@75fdc96c, org.springframework.security.web.header.HeaderWriterFilter@6a95c4ba, org.springframework.security.web.csrf.CsrfFilter@18479751, org.springframework.security.web.authentication.logout.LogoutFilter@fc1a8d5, org.springframework.security.web.authentication.UsernamePasswordAuthenticationFilter@2c5772a6, org.springframework.security.web.savedrequest.RequestCacheAwareFilter@51a4359d, org.springframework.security.web.servletapi.SecurityContextHolderAwareRequestFilter@2060d187, org.springframework.security.web.authentication.rememberme.RememberMeAuthenticationFilter@4d8f532f, org.springframework.security.web.authentication.AnonymousAuthenticationFilter@74954626, org.springframework.security.web.access.ExceptionTranslationFilter@22aa73f5, org.springframework.security.web.access.intercept.AuthorizationFilter@584a3458]
2023-10-29T22:17:39.926-07:00  WARN 51339 --- [restartedMain] o.s.s.c.a.web.builders.WebSecurity       : You are asking Spring Security to ignore Mvc [pattern='/images/**']. This is not recommended -- please use permitAll via HttpSecurity#authorizeHttpRequests instead.
2023-10-29T22:17:39.927-07:00  INFO 51339 --- [restartedMain] o.s.s.web.DefaultSecurityFilterChain     : Will not secure Mvc [pattern='/images/**']
2023-10-29T22:17:39.927-07:00  WARN 51339 --- [restartedMain] o.s.s.c.a.web.builders.WebSecurity       : You are asking Spring Security to ignore Mvc [pattern='/js/**']. This is not recommended -- please use permitAll via HttpSecurity#authorizeHttpRequests instead.
2023-10-29T22:17:39.927-07:00  INFO 51339 --- [restartedMain] o.s.s.web.DefaultSecurityFilterChain     : Will not secure Mvc [pattern='/js/**']
2023-10-29T22:17:39.927-07:00  WARN 51339 --- [restartedMain] o.s.s.c.a.web.builders.WebSecurity       : You are asking Spring Security to ignore Mvc [pattern='/webjars/**']. This is not recommended -- please use permitAll via HttpSecurity#authorizeHttpRequests instead.
2023-10-29T22:17:39.927-07:00  INFO 51339 --- [restartedMain] o.s.s.web.DefaultSecurityFilterChain     : Will not secure Mvc [pattern='/webjars/**']
2023-10-29T22:17:40.015-07:00  INFO 51339 --- [restartedMain] o.s.b.d.a.OptionalLiveReloadServer       : LiveReload server is running on port 35729
2023-10-29T22:17:40.031-07:00  INFO 51339 --- [restartedMain] o.s.b.w.embedded.tomcat.TomcatWebServer  : Tomcat started on port(s): 8080 (http) with context path '/ShopeaseAdmin'
2023-10-29T22:17:40.039-07:00  INFO 51339 --- [restartedMain] c.s.admin.ShopeaseBackEndApplication     : Started ShopeaseBackEndApplication in 1.055 seconds (process running for 408.667)
2023-10-29T22:17:40.043-07:00  INFO 51339 --- [restartedMain] .ConditionEvaluationDeltaLoggingListener : Condition evaluation unchanged
2023-10-29T22:17:56.543-07:00  INFO 51339 --- [http-nio-8080-exec-1] o.a.c.c.C.[.[.[/ShopeaseAdmin]           : Initializing Spring DispatcherServlet 'dispatcherServlet'
2023-10-29T22:17:56.543-07:00  INFO 51339 --- [http-nio-8080-exec-1] o.s.web.servlet.DispatcherServlet        : Initializing Servlet 'dispatcherServlet'
2023-10-29T22:17:56.546-07:00  INFO 51339 --- [http-nio-8080-exec-1] o.s.web.servlet.DispatcherServlet        : Completed initialization in 1 ms
2023-10-29T22:18:14.233-07:00  WARN 51339 --- [http-nio-8080-exec-9] actStandardFragmentInsertionTagProcessor : [THYMELEAF][http-nio-8080-exec-9][users/users] Deprecated unwrapped fragment expression "fragments :: page_head('Users - Shopease Admin', 'none')" found in template users/users, line 5, col 2. Please use the complete syntax of fragment expressions instead ("~{fragments :: page_head('Users - Shopease Admin', 'none')}"). The old, unwrapped syntax for fragment expressions will be removed in future versions of Thymeleaf.
2023-10-29T22:18:14.250-07:00  WARN 51339 --- [http-nio-8080-exec-9] actStandardFragmentInsertionTagProcessor : [THYMELEAF][http-nio-8080-exec-9][users/users] Deprecated unwrapped fragment expression "navigation :: menu" found in template users/users, line 9, col 7. Please use the complete syntax of fragment expressions instead ("~{navigation :: menu}"). The old, unwrapped syntax for fragment expressions will be removed in future versions of Thymeleaf.
2023-10-29T22:18:14.284-07:00  WARN 51339 --- [http-nio-8080-exec-9] actStandardFragmentInsertionTagProcessor : [THYMELEAF][http-nio-8080-exec-9][users/users] Deprecated unwrapped fragment expression "fragments :: column_link('id', 'User Id')" found in template users/users, line 39, col 22. Please use the complete syntax of fragment expressions instead ("~{fragments :: column_link('id', 'User Id')}"). The old, unwrapped syntax for fragment expressions will be removed in future versions of Thymeleaf.
2023-10-29T22:18:14.294-07:00  WARN 51339 --- [http-nio-8080-exec-9] actStandardFragmentInsertionTagProcessor : [THYMELEAF][http-nio-8080-exec-9][users/users] Deprecated unwrapped fragment expression "fragments :: column_link('email', 'Email')" found in template users/users, line 41, col 22. Please use the complete syntax of fragment expressions instead ("~{fragments :: column_link('email', 'Email')}"). The old, unwrapped syntax for fragment expressions will be removed in future versions of Thymeleaf.
2023-10-29T22:18:14.296-07:00  WARN 51339 --- [http-nio-8080-exec-9] actStandardFragmentInsertionTagProcessor : [THYMELEAF][http-nio-8080-exec-9][users/users] Deprecated unwrapped fragment expression "fragments :: column_link('firstName', 'First Name')" found in template users/users, line 42, col 16. Please use the complete syntax of fragment expressions instead ("~{fragments :: column_link('firstName', 'First Name')}"). The old, unwrapped syntax for fragment expressions will be removed in future versions of Thymeleaf.
2023-10-29T22:18:14.299-07:00  WARN 51339 --- [http-nio-8080-exec-9] actStandardFragmentInsertionTagProcessor : [THYMELEAF][http-nio-8080-exec-9][users/users] Deprecated unwrapped fragment expression "fragments :: column_link('lastName', 'Last Name')" found in template users/users, line 43, col 16. Please use the complete syntax of fragment expressions instead ("~{fragments :: column_link('lastName', 'Last Name')}"). The old, unwrapped syntax for fragment expressions will be removed in future versions of Thymeleaf.
2023-10-29T22:18:14.301-07:00  WARN 51339 --- [http-nio-8080-exec-9] actStandardFragmentInsertionTagProcessor : [THYMELEAF][http-nio-8080-exec-9][users/users] Deprecated unwrapped fragment expression "fragments :: column_link('enabled', 'Enabled')" found in template users/users, line 45, col 22. Please use the complete syntax of fragment expressions instead ("~{fragments :: column_link('enabled', 'Enabled')}"). The old, unwrapped syntax for fragment expressions will be removed in future versions of Thymeleaf.
2023-10-29T22:18:14.352-07:00  WARN 51339 --- [http-nio-8080-exec-9] actStandardFragmentInsertionTagProcessor : [THYMELEAF][http-nio-8080-exec-9][users/users] Deprecated unwrapped fragment expression "fragments :: footer" found in template users/users, line 147, col 7. Please use the complete syntax of fragment expressions instead ("~{fragments :: footer}"). The old, unwrapped syntax for fragment expressions will be removed in future versions of Thymeleaf.
2023-10-29T22:19:22.353-07:00  WARN 51339 --- [http-nio-8080-exec-8] actStandardFragmentInsertionTagProcessor : [THYMELEAF][http-nio-8080-exec-8][users/users] Deprecated unwrapped fragment expression "fragments :: page_head('Users - Shopease Admin', 'none')" found in template users/users, line 5, col 2. Please use the complete syntax of fragment expressions instead ("~{fragments :: page_head('Users - Shopease Admin', 'none')}"). The old, unwrapped syntax for fragment expressions will be removed in future versions of Thymeleaf.
2023-10-29T22:19:22.358-07:00  WARN 51339 --- [http-nio-8080-exec-8] actStandardFragmentInsertionTagProcessor : [THYMELEAF][http-nio-8080-exec-8][users/users] Deprecated unwrapped fragment expression "navigation :: menu" found in template users/users, line 9, col 7. Please use the complete syntax of fragment expressions instead ("~{navigation :: menu}"). The old, unwrapped syntax for fragment expressions will be removed in future versions of Thymeleaf.
2023-10-29T22:19:22.377-07:00  WARN 51339 --- [http-nio-8080-exec-8] actStandardFragmentInsertionTagProcessor : [THYMELEAF][http-nio-8080-exec-8][users/users] Deprecated unwrapped fragment expression "fragments :: column_link('id', 'User Id')" found in template users/users, line 39, col 22. Please use the complete syntax of fragment expressions instead ("~{fragments :: column_link('id', 'User Id')}"). The old, unwrapped syntax for fragment expressions will be removed in future versions of Thymeleaf.
2023-10-29T22:19:22.380-07:00  WARN 51339 --- [http-nio-8080-exec-8] actStandardFragmentInsertionTagProcessor : [THYMELEAF][http-nio-8080-exec-8][users/users] Deprecated unwrapped fragment expression "fragments :: column_link('email', 'Email')" found in template users/users, line 41, col 22. Please use the complete syntax of fragment expressions instead ("~{fragments :: column_link('email', 'Email')}"). The old, unwrapped syntax for fragment expressions will be removed in future versions of Thymeleaf.
2023-10-29T22:19:22.383-07:00  WARN 51339 --- [http-nio-8080-exec-8] actStandardFragmentInsertionTagProcessor : [THYMELEAF][http-nio-8080-exec-8][users/users] Deprecated unwrapped fragment expression "fragments :: column_link('firstName', 'First Name')" found in template users/users, line 42, col 16. Please use the complete syntax of fragment expressions instead ("~{fragments :: column_link('firstName', 'First Name')}"). The old, unwrapped syntax for fragment expressions will be removed in future versions of Thymeleaf.
2023-10-29T22:19:22.385-07:00  WARN 51339 --- [http-nio-8080-exec-8] actStandardFragmentInsertionTagProcessor : [THYMELEAF][http-nio-8080-exec-8][users/users] Deprecated unwrapped fragment expression "fragments :: column_link('lastName', 'Last Name')" found in template users/users, line 43, col 16. Please use the complete syntax of fragment expressions instead ("~{fragments :: column_link('lastName', 'Last Name')}"). The old, unwrapped syntax for fragment expressions will be removed in future versions of Thymeleaf.
2023-10-29T22:19:22.387-07:00  WARN 51339 --- [http-nio-8080-exec-8] actStandardFragmentInsertionTagProcessor : [THYMELEAF][http-nio-8080-exec-8][users/users] Deprecated unwrapped fragment expression "fragments :: column_link('enabled', 'Enabled')" found in template users/users, line 45, col 22. Please use the complete syntax of fragment expressions instead ("~{fragments :: column_link('enabled', 'Enabled')}"). The old, unwrapped syntax for fragment expressions will be removed in future versions of Thymeleaf.
2023-10-29T22:19:22.411-07:00  WARN 51339 --- [http-nio-8080-exec-8] actStandardFragmentInsertionTagProcessor : [THYMELEAF][http-nio-8080-exec-8][users/users] Deprecated unwrapped fragment expression "fragments :: footer" found in template users/users, line 147, col 7. Please use the complete syntax of fragment expressions instead ("~{fragments :: footer}"). The old, unwrapped syntax for fragment expressions will be removed in future versions of Thymeleaf.
2023-10-29T22:19:25.770-07:00  WARN 51339 --- [http-nio-8080-exec-8] actStandardFragmentInsertionTagProcessor : [THYMELEAF][http-nio-8080-exec-8][users/user_form] Deprecated unwrapped fragment expression "fragments :: page_head(${pageTitle}, 'none')" found in template users/user_form, line 4, col 2. Please use the complete syntax of fragment expressions instead ("~{fragments :: page_head(${pageTitle}, 'none')}"). The old, unwrapped syntax for fragment expressions will be removed in future versions of Thymeleaf.
2023-10-29T22:19:25.776-07:00  WARN 51339 --- [http-nio-8080-exec-8] actStandardFragmentInsertionTagProcessor : [THYMELEAF][http-nio-8080-exec-8][users/user_form] Deprecated unwrapped fragment expression "navigation :: menu" found in template users/user_form, line 8, col 7. Please use the complete syntax of fragment expressions instead ("~{navigation :: menu}"). The old, unwrapped syntax for fragment expressions will be removed in future versions of Thymeleaf.
2023-10-29T22:19:25.847-07:00  WARN 51339 --- [http-nio-8080-exec-8] actStandardFragmentInsertionTagProcessor : [THYMELEAF][http-nio-8080-exec-8][users/user_form] Deprecated unwrapped fragment expression "fragments :: footer" found in template users/user_form, line 107, col 7. Please use the complete syntax of fragment expressions instead ("~{fragments :: footer}"). The old, unwrapped syntax for fragment expressions will be removed in future versions of Thymeleaf.
2023-10-29T22:19:52.451-07:00 ERROR 51339 --- [http-nio-8080-exec-6] com.shopease.admin.FileUploadUtil        : Could not list directory: user-photos/26
2023-10-29T22:19:52.482-07:00  WARN 51339 --- [http-nio-8080-exec-6] actStandardFragmentInsertionTagProcessor : [THYMELEAF][http-nio-8080-exec-6][users/users] Deprecated unwrapped fragment expression "fragments :: page_head('Users - Shopease Admin', 'none')" found in template users/users, line 5, col 2. Please use the complete syntax of fragment expressions instead ("~{fragments :: page_head('Users - Shopease Admin', 'none')}"). The old, unwrapped syntax for fragment expressions will be removed in future versions of Thymeleaf.
2023-10-29T22:19:52.485-07:00  WARN 51339 --- [http-nio-8080-exec-6] actStandardFragmentInsertionTagProcessor : [THYMELEAF][http-nio-8080-exec-6][users/users] Deprecated unwrapped fragment expression "navigation :: menu" found in template users/users, line 9, col 7. Please use the complete syntax of fragment expressions instead ("~{navigation :: menu}"). The old, unwrapped syntax for fragment expressions will be removed in future versions of Thymeleaf.
2023-10-29T22:19:52.498-07:00  WARN 51339 --- [http-nio-8080-exec-6] actStandardFragmentInsertionTagProcessor : [THYMELEAF][http-nio-8080-exec-6][users/users] Deprecated unwrapped fragment expression "fragments :: column_link('id', 'User Id')" found in template users/users, line 39, col 22. Please use the complete syntax of fragment expressions instead ("~{fragments :: column_link('id', 'User Id')}"). The old, unwrapped syntax for fragment expressions will be removed in future versions of Thymeleaf.
2023-10-29T22:19:52.499-07:00  WARN 51339 --- [http-nio-8080-exec-6] actStandardFragmentInsertionTagProcessor : [THYMELEAF][http-nio-8080-exec-6][users/users] Deprecated unwrapped fragment expression "fragments :: column_link('email', 'Email')" found in template users/users, line 41, col 22. Please use the complete syntax of fragment expressions instead ("~{fragments :: column_link('email', 'Email')}"). The old, unwrapped syntax for fragment expressions will be removed in future versions of Thymeleaf.
2023-10-29T22:19:52.501-07:00  WARN 51339 --- [http-nio-8080-exec-6] actStandardFragmentInsertionTagProcessor : [THYMELEAF][http-nio-8080-exec-6][users/users] Deprecated unwrapped fragment expression "fragments :: column_link('firstName', 'First Name')" found in template users/users, line 42, col 16. Please use the complete syntax of fragment expressions instead ("~{fragments :: column_link('firstName', 'First Name')}"). The old, unwrapped syntax for fragment expressions will be removed in future versions of Thymeleaf.
2023-10-29T22:19:52.502-07:00  WARN 51339 --- [http-nio-8080-exec-6] actStandardFragmentInsertionTagProcessor : [THYMELEAF][http-nio-8080-exec-6][users/users] Deprecated unwrapped fragment expression "fragments :: column_link('lastName', 'Last Name')" found in template users/users, line 43, col 16. Please use the complete syntax of fragment expressions instead ("~{fragments :: column_link('lastName', 'Last Name')}"). The old, unwrapped syntax for fragment expressions will be removed in future versions of Thymeleaf.
2023-10-29T22:19:52.503-07:00  WARN 51339 --- [http-nio-8080-exec-6] actStandardFragmentInsertionTagProcessor : [THYMELEAF][http-nio-8080-exec-6][users/users] Deprecated unwrapped fragment expression "fragments :: column_link('enabled', 'Enabled')" found in template users/users, line 45, col 22. Please use the complete syntax of fragment expressions instead ("~{fragments :: column_link('enabled', 'Enabled')}"). The old, unwrapped syntax for fragment expressions will be removed in future versions of Thymeleaf.
2023-10-29T22:19:52.510-07:00  WARN 51339 --- [http-nio-8080-exec-6] actStandardFragmentInsertionTagProcessor : [THYMELEAF][http-nio-8080-exec-6][users/users] Deprecated unwrapped fragment expression "fragments :: footer" found in template users/users, line 147, col 7. Please use the complete syntax of fragment expressions instead ("~{fragments :: footer}"). The old, unwrapped syntax for fragment expressions will be removed in future versions of Thymeleaf.
2023-10-29T22:21:02.545-07:00  INFO 51339 --- [File Watcher] rtingClassPathChangeChangedEventListener : Restarting due to 1 class path change (0 additions, 0 deletions, 1 modification)
2023-10-29T22:21:02.556-07:00  INFO 51339 --- [Thread-11] o.apache.catalina.core.StandardService   : Stopping service [Tomcat]
2023-10-29T22:21:02.557-07:00  INFO 51339 --- [Thread-11] o.a.c.c.C.[.[.[/ShopeaseAdmin]           : Destroying Spring FrameworkServlet 'dispatcherServlet'
2023-10-29T22:21:02.568-07:00  WARN 51339 --- [Thread-11] o.a.c.c.C.[.[.[/ShopeaseAdmin]           : Cannot serialize session attribute [SPRING_SECURITY_CONTEXT] for session [71A7E60455899247A15F0E3B7076AA23]

java.io.NotSerializableException: com.shopease.common.entity.User
	at java.base/java.io.ObjectOutputStream.writeObject0(ObjectOutputStream.java:1187) ~[na:na]
	at java.base/java.io.ObjectOutputStream.defaultWriteFields(ObjectOutputStream.java:1572) ~[na:na]
	at java.base/java.io.ObjectOutputStream.writeSerialData(ObjectOutputStream.java:1529) ~[na:na]
	at java.base/java.io.ObjectOutputStream.writeOrdinaryObject(ObjectOutputStream.java:1438) ~[na:na]
	at java.base/java.io.ObjectOutputStream.writeObject0(ObjectOutputStream.java:1181) ~[na:na]
	at java.base/java.io.ObjectOutputStream.defaultWriteFields(ObjectOutputStream.java:1572) ~[na:na]
	at java.base/java.io.ObjectOutputStream.writeSerialData(ObjectOutputStream.java:1529) ~[na:na]
	at java.base/java.io.ObjectOutputStream.writeOrdinaryObject(ObjectOutputStream.java:1438) ~[na:na]
	at java.base/java.io.ObjectOutputStream.writeObject0(ObjectOutputStream.java:1181) ~[na:na]
	at java.base/java.io.ObjectOutputStream.defaultWriteFields(ObjectOutputStream.java:1572) ~[na:na]
	at java.base/java.io.ObjectOutputStream.writeSerialData(ObjectOutputStream.java:1529) ~[na:na]
	at java.base/java.io.ObjectOutputStream.writeOrdinaryObject(ObjectOutputStream.java:1438) ~[na:na]
	at java.base/java.io.ObjectOutputStream.writeObject0(ObjectOutputStream.java:1181) ~[na:na]
	at java.base/java.io.ObjectOutputStream.writeObject(ObjectOutputStream.java:350) ~[na:na]
	at org.apache.catalina.session.StandardSession.doWriteObject(StandardSession.java:1526) ~[tomcat-embed-core-10.1.13.jar:10.1.13]
	at org.apache.catalina.session.StandardSession.writeObjectData(StandardSession.java:1000) ~[tomcat-embed-core-10.1.13.jar:10.1.13]
	at org.apache.catalina.session.StandardManager.doUnload(StandardManager.java:307) ~[tomcat-embed-core-10.1.13.jar:10.1.13]
	at org.apache.catalina.session.StandardManager.unload(StandardManager.java:259) ~[tomcat-embed-core-10.1.13.jar:10.1.13]
	at org.apache.catalina.session.StandardManager.stopInternal(StandardManager.java:374) ~[tomcat-embed-core-10.1.13.jar:10.1.13]
	at org.apache.catalina.util.LifecycleBase.stop(LifecycleBase.java:242) ~[tomcat-embed-core-10.1.13.jar:10.1.13]
	at org.apache.catalina.core.StandardContext.stopInternal(StandardContext.java:5089) ~[tomcat-embed-core-10.1.13.jar:10.1.13]
	at org.apache.catalina.util.LifecycleBase.stop(LifecycleBase.java:242) ~[tomcat-embed-core-10.1.13.jar:10.1.13]
	at org.apache.catalina.core.ContainerBase$StopChild.call(ContainerBase.java:1348) ~[tomcat-embed-core-10.1.13.jar:10.1.13]
	at org.apache.catalina.core.ContainerBase$StopChild.call(ContainerBase.java:1337) ~[tomcat-embed-core-10.1.13.jar:10.1.13]
	at java.base/java.util.concurrent.FutureTask.run(FutureTask.java:264) ~[na:na]
	at org.apache.tomcat.util.threads.InlineExecutorService.execute(InlineExecutorService.java:75) ~[tomcat-embed-core-10.1.13.jar:10.1.13]
	at java.base/java.util.concurrent.AbstractExecutorService.submit(AbstractExecutorService.java:145) ~[na:na]
	at org.apache.catalina.core.ContainerBase.stopInternal(ContainerBase.java:931) ~[tomcat-embed-core-10.1.13.jar:10.1.13]
	at org.apache.catalina.util.LifecycleBase.stop(LifecycleBase.java:242) ~[tomcat-embed-core-10.1.13.jar:10.1.13]
	at org.apache.catalina.core.ContainerBase$StopChild.call(ContainerBase.java:1348) ~[tomcat-embed-core-10.1.13.jar:10.1.13]
	at org.apache.catalina.core.ContainerBase$StopChild.call(ContainerBase.java:1337) ~[tomcat-embed-core-10.1.13.jar:10.1.13]
	at java.base/java.util.concurrent.FutureTask.run(FutureTask.java:264) ~[na:na]
	at org.apache.tomcat.util.threads.InlineExecutorService.execute(InlineExecutorService.java:75) ~[tomcat-embed-core-10.1.13.jar:10.1.13]
	at java.base/java.util.concurrent.AbstractExecutorService.submit(AbstractExecutorService.java:145) ~[na:na]
	at org.apache.catalina.core.ContainerBase.stopInternal(ContainerBase.java:931) ~[tomcat-embed-core-10.1.13.jar:10.1.13]
	at org.apache.catalina.util.LifecycleBase.stop(LifecycleBase.java:242) ~[tomcat-embed-core-10.1.13.jar:10.1.13]
	at org.apache.catalina.core.StandardService.stopInternal(StandardService.java:496) ~[tomcat-embed-core-10.1.13.jar:10.1.13]
	at org.apache.catalina.util.LifecycleBase.stop(LifecycleBase.java:242) ~[tomcat-embed-core-10.1.13.jar:10.1.13]
	at org.apache.catalina.core.StandardServer.stopInternal(StandardServer.java:970) ~[tomcat-embed-core-10.1.13.jar:10.1.13]
	at org.apache.catalina.util.LifecycleBase.stop(LifecycleBase.java:242) ~[tomcat-embed-core-10.1.13.jar:10.1.13]
	at org.apache.catalina.startup.Tomcat.stop(Tomcat.java:495) ~[tomcat-embed-core-10.1.13.jar:10.1.13]
	at org.springframework.boot.web.embedded.tomcat.TomcatWebServer.stopTomcat(TomcatWebServer.java:273) ~[spring-boot-3.1.4.jar:3.1.4]
	at org.springframework.boot.web.embedded.tomcat.TomcatWebServer.stop(TomcatWebServer.java:331) ~[spring-boot-3.1.4.jar:3.1.4]
	at org.springframework.boot.web.servlet.context.WebServerStartStopLifecycle.stop(WebServerStartStopLifecycle.java:53) ~[spring-boot-3.1.4.jar:3.1.4]
	at org.springframework.context.SmartLifecycle.stop(SmartLifecycle.java:117) ~[spring-context-6.0.12.jar:6.0.12]
	at org.springframework.context.support.DefaultLifecycleProcessor.doStop(DefaultLifecycleProcessor.java:235) ~[spring-context-6.0.12.jar:6.0.12]
	at org.springframework.context.support.DefaultLifecycleProcessor$LifecycleGroup.stop(DefaultLifecycleProcessor.java:374) ~[spring-context-6.0.12.jar:6.0.12]
	at org.springframework.context.support.DefaultLifecycleProcessor.stopBeans(DefaultLifecycleProcessor.java:207) ~[spring-context-6.0.12.jar:6.0.12]
	at org.springframework.context.support.DefaultLifecycleProcessor.onClose(DefaultLifecycleProcessor.java:130) ~[spring-context-6.0.12.jar:6.0.12]
	at org.springframework.context.support.AbstractApplicationContext.doClose(AbstractApplicationContext.java:1068) ~[spring-context-6.0.12.jar:6.0.12]
	at org.springframework.boot.web.servlet.context.ServletWebServerApplicationContext.doClose(ServletWebServerApplicationContext.java:173) ~[spring-boot-3.1.4.jar:3.1.4]
	at org.springframework.context.support.AbstractApplicationContext.close(AbstractApplicationContext.java:1027) ~[spring-context-6.0.12.jar:6.0.12]
	at org.springframework.boot.devtools.restart.Restarter.stop(Restarter.java:308) ~[spring-boot-devtools-3.1.4.jar:3.1.4]
	at org.springframework.boot.devtools.restart.Restarter.lambda$restart$1(Restarter.java:250) ~[spring-boot-devtools-3.1.4.jar:3.1.4]
	at org.springframework.boot.devtools.restart.Restarter$LeakSafeThread.run(Restarter.java:614) ~[spring-boot-devtools-3.1.4.jar:3.1.4]

2023-10-29T22:21:02.578-07:00  INFO 51339 --- [Thread-11] j.LocalContainerEntityManagerFactoryBean : Closing JPA EntityManagerFactory for persistence unit 'default'
2023-10-29T22:21:02.579-07:00  INFO 51339 --- [Thread-11] com.zaxxer.hikari.HikariDataSource       : HikariPool-3 - Shutdown initiated...
2023-10-29T22:21:02.585-07:00  INFO 51339 --- [Thread-11] com.zaxxer.hikari.HikariDataSource       : HikariPool-3 - Shutdown completed.
